2026-06-08 17:49:20,928 | [42d19263] | mlops | <module>:31 | INFO | Available loggers for factor analysis module:
2026-06-08 17:49:20,928 | [42d19263] | mlops | <module>:33 | INFO | Logger Name: mlops
2026-06-08 17:49:20,928 | [42d19263] | mlops | <module>:34 | INFO | Logger Instance: <Logger mlops (INFO)>
2026-06-08 17:49:20,928 | [42d19263] | mlops | <module>:35 | INFO | Logger Handlers: [<StreamHandler <stderr> (INFO)>, <FileHandler C:\projects\ml-fbk-project\mlops\20260608_174920\42d19263\logs\mlops.log (INFO)>]
2026-06-08 17:49:20,929 | [42d19263] | mlops | <module>:36 | INFO | Logger Level: INFO
2026-06-08 17:49:20,929 | [42d19263] | mlops | <module>:37 | INFO | Logger Propagate: False
2026-06-08 17:49:20,929 | [42d19263] | mlops | <module>:43 | INFO | 
Log Folder Structure
mlops
└── 20260608_174920
    └── 42d19263
        └── logs
            └── mlops.log
2026-06-08 17:49:20,929 | [42d19263] | mlops | <module>:52 | INFO | --------------------------------------------------
2026-06-08 17:49:20,929 | [42d19263] | mlops | <module>:33 | INFO | Logger Name: mlops.factor_analysis
2026-06-08 17:49:20,929 | [42d19263] | mlops | <module>:34 | INFO | Logger Instance: <Logger mlops.factor_analysis (INFO)>
2026-06-08 17:49:20,929 | [42d19263] | mlops | <module>:35 | INFO | Logger Handlers: [<StreamHandler <stderr> (INFO)>, <FileHandler C:\projects\ml-fbk-project\mlops\20260608_174920\42d19263\logs\factor_analysis.log (INFO)>]
2026-06-08 17:49:20,929 | [42d19263] | mlops | <module>:36 | INFO | Logger Level: INFO
2026-06-08 17:49:20,929 | [42d19263] | mlops | <module>:37 | INFO | Logger Propagate: False
2026-06-08 17:49:20,929 | [42d19263] | mlops | <module>:43 | INFO | 
Log Folder Structure
mlops
└── 20260608_174920
    └── 42d19263
        └── logs
            └── factor_analysis.log
2026-06-08 17:49:20,929 | [42d19263] | mlops | <module>:52 | INFO | --------------------------------------------------
2026-06-08 17:49:20,929 | [42d19263] | mlops | <module>:33 | INFO | Logger Name: mlops.descriptive_analysis
2026-06-08 17:49:20,930 | [42d19263] | mlops | <module>:34 | INFO | Logger Instance: <Logger mlops.descriptive_analysis (INFO)>
2026-06-08 17:49:20,930 | [42d19263] | mlops | <module>:35 | INFO | Logger Handlers: [<StreamHandler <stderr> (INFO)>, <FileHandler C:\projects\ml-fbk-project\mlops\20260608_174920\42d19263\logs\descriptive_analysis.log (INFO)>]
2026-06-08 17:49:20,930 | [42d19263] | mlops | <module>:36 | INFO | Logger Level: INFO
2026-06-08 17:49:20,930 | [42d19263] | mlops | <module>:37 | INFO | Logger Propagate: False
2026-06-08 17:49:20,930 | [42d19263] | mlops | <module>:43 | INFO | 
Log Folder Structure
mlops
└── 20260608_174920
    └── 42d19263
        └── logs
            └── descriptive_analysis.log
2026-06-08 17:49:20,930 | [42d19263] | mlops | <module>:52 | INFO | --------------------------------------------------
2026-06-08 17:49:20,930 | [42d19263] | mlops | <module>:33 | INFO | Logger Name: mlops.utils
2026-06-08 17:49:20,930 | [42d19263] | mlops | <module>:34 | INFO | Logger Instance: <Logger mlops.utils (INFO)>
2026-06-08 17:49:20,931 | [42d19263] | mlops | <module>:35 | INFO | Logger Handlers: [<StreamHandler <stderr> (INFO)>, <FileHandler C:\projects\ml-fbk-project\mlops\20260608_174920\42d19263\logs\utils.log (INFO)>]
2026-06-08 17:49:20,931 | [42d19263] | mlops | <module>:36 | INFO | Logger Level: INFO
2026-06-08 17:49:20,931 | [42d19263] | mlops | <module>:37 | INFO | Logger Propagate: False
2026-06-08 17:49:20,931 | [42d19263] | mlops | <module>:43 | INFO | 
Log Folder Structure
mlops
└── 20260608_174920
    └── 42d19263
        └── logs
            └── utils.log
2026-06-08 17:49:20,931 | [42d19263] | mlops | <module>:52 | INFO | --------------------------------------------------
2026-06-08 17:49:21,709 | [42d19263] | mlops | <module>:67 | INFO | Column: credit_limit: int32 | Unique Values: 81
2026-06-08 17:49:21,710 | [42d19263] | mlops | <module>:67 | INFO | Column: gender: object | Unique Values: 2
2026-06-08 17:49:21,711 | [42d19263] | mlops | <module>:67 | INFO | Column: education: object | Unique Values: 7
2026-06-08 17:49:21,712 | [42d19263] | mlops | <module>:67 | INFO | Column: marital_status: object | Unique Values: 4
2026-06-08 17:49:21,713 | [42d19263] | mlops | <module>:67 | INFO | Column: age: int32 | Unique Values: 56
2026-06-08 17:49:21,713 | [42d19263] | mlops | <module>:67 | INFO | Column: repayment_status_sep_2005: object | Unique Values: 11
2026-06-08 17:49:21,715 | [42d19263] | mlops | <module>:67 | INFO | Column: repayment_status_aug_2005: object | Unique Values: 11
2026-06-08 17:49:21,716 | [42d19263] | mlops | <module>:67 | INFO | Column: repayment_status_jul_2005: object | Unique Values: 11
2026-06-08 17:49:21,717 | [42d19263] | mlops | <module>:67 | INFO | Column: repayment_status_jun_2005: object | Unique Values: 11
2026-06-08 17:49:21,718 | [42d19263] | mlops | <module>:67 | INFO | Column: repayment_status_may_2005: object | Unique Values: 10
2026-06-08 17:49:21,719 | [42d19263] | mlops | <module>:67 | INFO | Column: repayment_status_apr_2005: object | Unique Values: 10
2026-06-08 17:49:21,719 | [42d19263] | mlops | <module>:67 | INFO | Column: bill_amount_sep_2005: float32 | Unique Values: 22723
2026-06-08 17:49:21,720 | [42d19263] | mlops | <module>:67 | INFO | Column: bill_amount_aug_2005: float32 | Unique Values: 22346
2026-06-08 17:49:21,721 | [42d19263] | mlops | <module>:67 | INFO | Column: bill_amount_jul_2005: float32 | Unique Values: 22026
2026-06-08 17:49:21,721 | [42d19263] | mlops | <module>:67 | INFO | Column: bill_amount_jun_2005: float32 | Unique Values: 21548
2026-06-08 17:49:21,722 | [42d19263] | mlops | <module>:67 | INFO | Column: bill_amount_may_2005: float32 | Unique Values: 21010
2026-06-08 17:49:21,723 | [42d19263] | mlops | <module>:67 | INFO | Column: bill_amount_apr_2005: float32 | Unique Values: 20604
2026-06-08 17:49:21,723 | [42d19263] | mlops | <module>:67 | INFO | Column: payment_amount_sep_2005: float32 | Unique Values: 7943
2026-06-08 17:49:21,724 | [42d19263] | mlops | <module>:67 | INFO | Column: payment_amount_aug_2005: float32 | Unique Values: 7899
2026-06-08 17:49:21,724 | [42d19263] | mlops | <module>:67 | INFO | Column: payment_amount_jul_2005: float32 | Unique Values: 7518
2026-06-08 17:49:21,725 | [42d19263] | mlops | <module>:67 | INFO | Column: payment_amount_jun_2005: float32 | Unique Values: 6937
2026-06-08 17:49:21,725 | [42d19263] | mlops | <module>:67 | INFO | Column: payment_amount_may_2005: float32 | Unique Values: 6897
2026-06-08 17:49:21,726 | [42d19263] | mlops | <module>:67 | INFO | Column: payment_amount_apr_2005: float32 | Unique Values: 6939
2026-06-08 17:49:21,726 | [42d19263] | mlops | <module>:67 | INFO | Column: TARGET: int32 | Unique Values: 2
2026-06-08 17:49:21,726 | [42d19263] | mlops | <module>:68 | INFO | Sample data loaded successfully.
