2026-06-10 10:44:37,392 | [eea5efb9] | mlops | <module>:35 | INFO | Available loggers for factor analysis module:
2026-06-10 10:44:37,392 | [eea5efb9] | mlops | <module>:37 | INFO | Logger Name: mlops
2026-06-10 10:44:37,393 | [eea5efb9] | mlops | <module>:38 | INFO | Logger Instance: <Logger mlops (INFO)>
2026-06-10 10:44:37,393 | [eea5efb9] | mlops | <module>:39 | INFO | Logger Handlers: [<StreamHandler <stderr> (INFO)>, <FileHandler C:\projects\ml-fbk-project\mlops\20260610_104437\eea5efb9\logs\mlops.log (INFO)>]
2026-06-10 10:44:37,393 | [eea5efb9] | mlops | <module>:40 | INFO | Logger Level: INFO
2026-06-10 10:44:37,393 | [eea5efb9] | mlops | <module>:41 | INFO | Logger Propagate: False
2026-06-10 10:44:37,393 | [eea5efb9] | mlops | <module>:47 | INFO | 
Log Folder Structure
mlops
└── 20260610_104437
    └── eea5efb9
        └── logs
            └── mlops.log
2026-06-10 10:44:37,395 | [eea5efb9] | mlops | <module>:56 | INFO | --------------------------------------------------
2026-06-10 10:44:37,395 | [eea5efb9] | mlops | <module>:37 | INFO | Logger Name: mlops.factor_analysis
2026-06-10 10:44:37,395 | [eea5efb9] | mlops | <module>:38 | INFO | Logger Instance: <Logger mlops.factor_analysis (INFO)>
2026-06-10 10:44:37,395 | [eea5efb9] | mlops | <module>:39 | INFO | Logger Handlers: [<StreamHandler <stderr> (INFO)>, <FileHandler C:\projects\ml-fbk-project\mlops\20260610_104437\eea5efb9\logs\factor_analysis.log (INFO)>]
2026-06-10 10:44:37,395 | [eea5efb9] | mlops | <module>:40 | INFO | Logger Level: INFO
2026-06-10 10:44:37,396 | [eea5efb9] | mlops | <module>:41 | INFO | Logger Propagate: False
2026-06-10 10:44:37,396 | [eea5efb9] | mlops | <module>:47 | INFO | 
Log Folder Structure
mlops
└── 20260610_104437
    └── eea5efb9
        └── logs
            └── factor_analysis.log
2026-06-10 10:44:37,396 | [eea5efb9] | mlops | <module>:56 | INFO | --------------------------------------------------
2026-06-10 10:44:37,396 | [eea5efb9] | mlops | <module>:37 | INFO | Logger Name: mlops.descriptive_analysis
2026-06-10 10:44:37,396 | [eea5efb9] | mlops | <module>:38 | INFO | Logger Instance: <Logger mlops.descriptive_analysis (INFO)>
2026-06-10 10:44:37,396 | [eea5efb9] | mlops | <module>:39 | INFO | Logger Handlers: [<StreamHandler <stderr> (INFO)>, <FileHandler C:\projects\ml-fbk-project\mlops\20260610_104437\eea5efb9\logs\descriptive_analysis.log (INFO)>]
2026-06-10 10:44:37,396 | [eea5efb9] | mlops | <module>:40 | INFO | Logger Level: INFO
2026-06-10 10:44:37,397 | [eea5efb9] | mlops | <module>:41 | INFO | Logger Propagate: False
2026-06-10 10:44:37,397 | [eea5efb9] | mlops | <module>:47 | INFO | 
Log Folder Structure
mlops
└── 20260610_104437
    └── eea5efb9
        └── logs
            └── descriptive_analysis.log
2026-06-10 10:44:37,397 | [eea5efb9] | mlops | <module>:56 | INFO | --------------------------------------------------
2026-06-10 10:44:37,397 | [eea5efb9] | mlops | <module>:37 | INFO | Logger Name: mlops.utils
2026-06-10 10:44:37,397 | [eea5efb9] | mlops | <module>:38 | INFO | Logger Instance: <Logger mlops.utils (INFO)>
2026-06-10 10:44:37,397 | [eea5efb9] | mlops | <module>:39 | INFO | Logger Handlers: [<StreamHandler <stderr> (INFO)>, <FileHandler C:\projects\ml-fbk-project\mlops\20260610_104437\eea5efb9\logs\utils.log (INFO)>]
2026-06-10 10:44:37,397 | [eea5efb9] | mlops | <module>:40 | INFO | Logger Level: INFO
2026-06-10 10:44:37,397 | [eea5efb9] | mlops | <module>:41 | INFO | Logger Propagate: False
2026-06-10 10:44:37,397 | [eea5efb9] | mlops | <module>:47 | INFO | 
Log Folder Structure
mlops
└── 20260610_104437
    └── eea5efb9
        └── logs
            └── utils.log
2026-06-10 10:44:37,397 | [eea5efb9] | mlops | <module>:56 | INFO | --------------------------------------------------
2026-06-10 10:44:38,172 | [eea5efb9] | mlops | <module>:72 | INFO | Column: credit_limit: int32 | Unique Values: 81
2026-06-10 10:44:38,173 | [eea5efb9] | mlops | <module>:72 | INFO | Column: gender: object | Unique Values: 2
2026-06-10 10:44:38,174 | [eea5efb9] | mlops | <module>:72 | INFO | Column: education: object | Unique Values: 7
2026-06-10 10:44:38,175 | [eea5efb9] | mlops | <module>:72 | INFO | Column: marital_status: object | Unique Values: 4
2026-06-10 10:44:38,175 | [eea5efb9] | mlops | <module>:72 | INFO | Column: age: int32 | Unique Values: 56
2026-06-10 10:44:38,176 | [eea5efb9] | mlops | <module>:72 | INFO | Column: repayment_status_sep_2005: object | Unique Values: 11
2026-06-10 10:44:38,177 | [eea5efb9] | mlops | <module>:72 | INFO | Column: repayment_status_aug_2005: object | Unique Values: 11
2026-06-10 10:44:38,178 | [eea5efb9] | mlops | <module>:72 | INFO | Column: repayment_status_jul_2005: object | Unique Values: 11
2026-06-10 10:44:38,179 | [eea5efb9] | mlops | <module>:72 | INFO | Column: repayment_status_jun_2005: object | Unique Values: 11
2026-06-10 10:44:38,180 | [eea5efb9] | mlops | <module>:72 | INFO | Column: repayment_status_may_2005: object | Unique Values: 10
2026-06-10 10:44:38,181 | [eea5efb9] | mlops | <module>:72 | INFO | Column: repayment_status_apr_2005: object | Unique Values: 10
2026-06-10 10:44:38,182 | [eea5efb9] | mlops | <module>:72 | INFO | Column: bill_amount_sep_2005: float32 | Unique Values: 22723
2026-06-10 10:44:38,183 | [eea5efb9] | mlops | <module>:72 | INFO | Column: bill_amount_aug_2005: float32 | Unique Values: 22346
2026-06-10 10:44:38,184 | [eea5efb9] | mlops | <module>:72 | INFO | Column: bill_amount_jul_2005: float32 | Unique Values: 22026
2026-06-10 10:44:38,185 | [eea5efb9] | mlops | <module>:72 | INFO | Column: bill_amount_jun_2005: float32 | Unique Values: 21548
2026-06-10 10:44:38,186 | [eea5efb9] | mlops | <module>:72 | INFO | Column: bill_amount_may_2005: float32 | Unique Values: 21010
2026-06-10 10:44:38,186 | [eea5efb9] | mlops | <module>:72 | INFO | Column: bill_amount_apr_2005: float32 | Unique Values: 20604
2026-06-10 10:44:38,187 | [eea5efb9] | mlops | <module>:72 | INFO | Column: payment_amount_sep_2005: float32 | Unique Values: 7943
2026-06-10 10:44:38,187 | [eea5efb9] | mlops | <module>:72 | INFO | Column: payment_amount_aug_2005: float32 | Unique Values: 7899
2026-06-10 10:44:38,188 | [eea5efb9] | mlops | <module>:72 | INFO | Column: payment_amount_jul_2005: float32 | Unique Values: 7518
2026-06-10 10:44:38,189 | [eea5efb9] | mlops | <module>:72 | INFO | Column: payment_amount_jun_2005: float32 | Unique Values: 6937
2026-06-10 10:44:38,190 | [eea5efb9] | mlops | <module>:72 | INFO | Column: payment_amount_may_2005: float32 | Unique Values: 6897
2026-06-10 10:44:38,191 | [eea5efb9] | mlops | <module>:72 | INFO | Column: payment_amount_apr_2005: float32 | Unique Values: 6939
2026-06-10 10:44:38,191 | [eea5efb9] | mlops | <module>:72 | INFO | Column: TARGET: int32 | Unique Values: 2
2026-06-10 10:44:38,191 | [eea5efb9] | mlops | <module>:73 | INFO | Sample data loaded successfully.
