2026-06-10 10:34:24,686 | [a1c32ca2] | mlops | <module>:35 | INFO | Available loggers for factor analysis module:
2026-06-10 10:34:24,687 | [a1c32ca2] | mlops | <module>:37 | INFO | Logger Name: mlops
2026-06-10 10:34:24,687 | [a1c32ca2] | mlops | <module>:38 | INFO | Logger Instance: <Logger mlops (INFO)>
2026-06-10 10:34:24,687 | [a1c32ca2] | mlops | <module>:39 | INFO | Logger Handlers: [<StreamHandler <stderr> (INFO)>, <FileHandler C:\projects\ml-fbk-project\mlops\20260610_103424\a1c32ca2\logs\mlops.log (INFO)>]
2026-06-10 10:34:24,687 | [a1c32ca2] | mlops | <module>:40 | INFO | Logger Level: INFO
2026-06-10 10:34:24,687 | [a1c32ca2] | mlops | <module>:41 | INFO | Logger Propagate: False
2026-06-10 10:34:24,687 | [a1c32ca2] | mlops | <module>:47 | INFO | 
Log Folder Structure
mlops
└── 20260610_103424
    └── a1c32ca2
        └── logs
            └── mlops.log
2026-06-10 10:34:24,688 | [a1c32ca2] | mlops | <module>:56 | INFO | --------------------------------------------------
2026-06-10 10:34:24,689 | [a1c32ca2] | mlops | <module>:37 | INFO | Logger Name: mlops.factor_analysis
2026-06-10 10:34:24,689 | [a1c32ca2] | mlops | <module>:38 | INFO | Logger Instance: <Logger mlops.factor_analysis (INFO)>
2026-06-10 10:34:24,689 | [a1c32ca2] | mlops | <module>:39 | INFO | Logger Handlers: [<StreamHandler <stderr> (INFO)>, <FileHandler C:\projects\ml-fbk-project\mlops\20260610_103424\a1c32ca2\logs\factor_analysis.log (INFO)>]
2026-06-10 10:34:24,689 | [a1c32ca2] | mlops | <module>:40 | INFO | Logger Level: INFO
2026-06-10 10:34:24,689 | [a1c32ca2] | mlops | <module>:41 | INFO | Logger Propagate: False
2026-06-10 10:34:24,689 | [a1c32ca2] | mlops | <module>:47 | INFO | 
Log Folder Structure
mlops
└── 20260610_103424
    └── a1c32ca2
        └── logs
            └── factor_analysis.log
2026-06-10 10:34:24,690 | [a1c32ca2] | mlops | <module>:56 | INFO | --------------------------------------------------
2026-06-10 10:34:24,690 | [a1c32ca2] | mlops | <module>:37 | INFO | Logger Name: mlops.descriptive_analysis
2026-06-10 10:34:24,690 | [a1c32ca2] | mlops | <module>:38 | INFO | Logger Instance: <Logger mlops.descriptive_analysis (INFO)>
2026-06-10 10:34:24,690 | [a1c32ca2] | mlops | <module>:39 | INFO | Logger Handlers: [<StreamHandler <stderr> (INFO)>, <FileHandler C:\projects\ml-fbk-project\mlops\20260610_103424\a1c32ca2\logs\descriptive_analysis.log (INFO)>]
2026-06-10 10:34:24,690 | [a1c32ca2] | mlops | <module>:40 | INFO | Logger Level: INFO
2026-06-10 10:34:24,690 | [a1c32ca2] | mlops | <module>:41 | INFO | Logger Propagate: False
2026-06-10 10:34:24,690 | [a1c32ca2] | mlops | <module>:47 | INFO | 
Log Folder Structure
mlops
└── 20260610_103424
    └── a1c32ca2
        └── logs
            └── descriptive_analysis.log
2026-06-10 10:34:24,690 | [a1c32ca2] | mlops | <module>:56 | INFO | --------------------------------------------------
2026-06-10 10:34:24,690 | [a1c32ca2] | mlops | <module>:37 | INFO | Logger Name: mlops.utils
2026-06-10 10:34:24,690 | [a1c32ca2] | mlops | <module>:38 | INFO | Logger Instance: <Logger mlops.utils (INFO)>
2026-06-10 10:34:24,691 | [a1c32ca2] | mlops | <module>:39 | INFO | Logger Handlers: [<StreamHandler <stderr> (INFO)>, <FileHandler C:\projects\ml-fbk-project\mlops\20260610_103424\a1c32ca2\logs\utils.log (INFO)>]
2026-06-10 10:34:24,691 | [a1c32ca2] | mlops | <module>:40 | INFO | Logger Level: INFO
2026-06-10 10:34:24,691 | [a1c32ca2] | mlops | <module>:41 | INFO | Logger Propagate: False
2026-06-10 10:34:24,691 | [a1c32ca2] | mlops | <module>:47 | INFO | 
Log Folder Structure
mlops
└── 20260610_103424
    └── a1c32ca2
        └── logs
            └── utils.log
2026-06-10 10:34:24,691 | [a1c32ca2] | mlops | <module>:56 | INFO | --------------------------------------------------
2026-06-10 10:34:25,526 | [a1c32ca2] | mlops | <module>:72 | INFO | Column: credit_limit: int32 | Unique Values: 81
2026-06-10 10:34:25,527 | [a1c32ca2] | mlops | <module>:72 | INFO | Column: gender: object | Unique Values: 2
2026-06-10 10:34:25,528 | [a1c32ca2] | mlops | <module>:72 | INFO | Column: education: object | Unique Values: 7
2026-06-10 10:34:25,528 | [a1c32ca2] | mlops | <module>:72 | INFO | Column: marital_status: object | Unique Values: 4
2026-06-10 10:34:25,529 | [a1c32ca2] | mlops | <module>:72 | INFO | Column: age: int32 | Unique Values: 56
2026-06-10 10:34:25,530 | [a1c32ca2] | mlops | <module>:72 | INFO | Column: repayment_status_sep_2005: object | Unique Values: 11
2026-06-10 10:34:25,530 | [a1c32ca2] | mlops | <module>:72 | INFO | Column: repayment_status_aug_2005: object | Unique Values: 11
2026-06-10 10:34:25,532 | [a1c32ca2] | mlops | <module>:72 | INFO | Column: repayment_status_jul_2005: object | Unique Values: 11
2026-06-10 10:34:25,533 | [a1c32ca2] | mlops | <module>:72 | INFO | Column: repayment_status_jun_2005: object | Unique Values: 11
2026-06-10 10:34:25,534 | [a1c32ca2] | mlops | <module>:72 | INFO | Column: repayment_status_may_2005: object | Unique Values: 10
2026-06-10 10:34:25,536 | [a1c32ca2] | mlops | <module>:72 | INFO | Column: repayment_status_apr_2005: object | Unique Values: 10
2026-06-10 10:34:25,537 | [a1c32ca2] | mlops | <module>:72 | INFO | Column: bill_amount_sep_2005: float32 | Unique Values: 22723
2026-06-10 10:34:25,539 | [a1c32ca2] | mlops | <module>:72 | INFO | Column: bill_amount_aug_2005: float32 | Unique Values: 22346
2026-06-10 10:34:25,541 | [a1c32ca2] | mlops | <module>:72 | INFO | Column: bill_amount_jul_2005: float32 | Unique Values: 22026
2026-06-10 10:34:25,542 | [a1c32ca2] | mlops | <module>:72 | INFO | Column: bill_amount_jun_2005: float32 | Unique Values: 21548
2026-06-10 10:34:25,543 | [a1c32ca2] | mlops | <module>:72 | INFO | Column: bill_amount_may_2005: float32 | Unique Values: 21010
2026-06-10 10:34:25,544 | [a1c32ca2] | mlops | <module>:72 | INFO | Column: bill_amount_apr_2005: float32 | Unique Values: 20604
2026-06-10 10:34:25,544 | [a1c32ca2] | mlops | <module>:72 | INFO | Column: payment_amount_sep_2005: float32 | Unique Values: 7943
2026-06-10 10:34:25,545 | [a1c32ca2] | mlops | <module>:72 | INFO | Column: payment_amount_aug_2005: float32 | Unique Values: 7899
2026-06-10 10:34:25,546 | [a1c32ca2] | mlops | <module>:72 | INFO | Column: payment_amount_jul_2005: float32 | Unique Values: 7518
2026-06-10 10:34:25,546 | [a1c32ca2] | mlops | <module>:72 | INFO | Column: payment_amount_jun_2005: float32 | Unique Values: 6937
2026-06-10 10:34:25,547 | [a1c32ca2] | mlops | <module>:72 | INFO | Column: payment_amount_may_2005: float32 | Unique Values: 6897
2026-06-10 10:34:25,547 | [a1c32ca2] | mlops | <module>:72 | INFO | Column: payment_amount_apr_2005: float32 | Unique Values: 6939
2026-06-10 10:34:25,547 | [a1c32ca2] | mlops | <module>:72 | INFO | Column: TARGET: int32 | Unique Values: 2
2026-06-10 10:34:25,548 | [a1c32ca2] | mlops | <module>:73 | INFO | Sample data loaded successfully.
